[I 12:42:11.587 NotebookApp] Serving notebooks from local directory: /home/haphazard/snap/snapd-desktop-integration/83/Documents/HHSAMPLINGPSO/IC-HHSAMPLING/src
[I 12:42:11.587 NotebookApp] Jupyter Notebook 6.4.8 is running at:
[I 12:42:11.587 NotebookApp] http://localhost:8888/
[I 12:42:11.587 NotebookApp] Use Control-C to stop this server and shut down all kernels (twice to skip confirmation).
[W 12:42:11.590 NotebookApp] No web browser found: could not locate runnable browser.
[I 12:42:30.273 NotebookApp] Kernel started: c162cbaf-fa1f-4290-90df-e9244b8ad33d, name: python3
[IPKernelApp] WARNING | debugpy_stream undefined, debugging will not be enabled
[IPKernelApp] ERROR | No such comm target registered: jupyter.widget.version
[IPKernelApp] ERROR | No such comm target registered: jupyter.widget.version
[I 12:44:25.167 NotebookApp] Kernel interrupted: c162cbaf-fa1f-4290-90df-e9244b8ad33d
[I 12:44:30.781 NotebookApp] Saving file at /parametersAnalysis.ipynb
[I 12:48:07.196 NotebookApp] Starting buffering for c162cbaf-fa1f-4290-90df-e9244b8ad33d:7a5c284f858948e5a8b1b835e1ae3118
[I 12:56:41.312 NotebookApp] 302 GET / (127.0.0.1) 0.500000ms
[C 12:58:43.459 NotebookApp] received signal 15, stopping
[I 12:58:43.460 NotebookApp] Shutting down 1 kernel
[I 12:58:43.460 NotebookApp] Kernel shutdown: c162cbaf-fa1f-4290-90df-e9244b8ad33d
[I 12:58:44.475 NotebookApp] Shutting down 0 terminals
/usr/lib/python3/dist-packages/traitlets/traitlets.py:3047: FutureWarning: --nbserver_extensions={"ipyparallel.nbextension":true} for dict-traits is deprecated in traitlets 5.0. You can pass --nbserver_extensions <key=value> ... multiple times to add items to a dict.
  warn(
[C 20:12:03.796 NotebookApp] Bad config encountered during initialization: The 'nbserver_extensions' trait of a NotebookApp instance expected a dict, not the list ['{"ipyparallel.nbextension":true}'].
/usr/lib/python3/dist-packages/traitlets/traitlets.py:3047: FutureWarning: --nbserver_extensions={"ipyparallel.nbextension":true} for dict-traits is deprecated in traitlets 5.0. You can pass --nbserver_extensions <key=value> ... multiple times to add items to a dict.
  warn(
[C 20:17:19.154 NotebookApp] Bad config encountered during initialization: The 'nbserver_extensions' trait of a NotebookApp instance expected a dict, not the list ['{"ipyparallel.nbextension":true}'].
binary_with_time_control.py
hhsampling_params.py
hhsampling.py
hhsolver.py
main.py
nohup.out
parametersAnalysis.ipynb
params.py
PSO_dataframe001.csv
PSO_dataframe.csv
__pycache__
report.log
teste001.ipynb
teste002.ipynb
threads.py
Untitled1.ipynb
Untitled.ipynb
utils.py
